<?xml version="1.0" encoding="UTF-8"?>
<!-- Generated by org.testng.reporters.JUnitXMLReporter -->
<testsuite hostname="DESKTOP-TG7HJP8" ignored="0" name="SignUpFB" tests="3" failures="0" timestamp="12 Apr 2020 09:31:03 GMT" time="13.25" errors="0">
  <testcase name="signUpTest" time="3.711" classname="MySuvidha.in.TestCases.SignUpTest"/>
  <testcase name="signUpTest" time="3.336" classname="MySuvidha.in.TestCases.SignUpTest"/>
  <testcase name="signUpTest" time="5.687" classname="MySuvidha.in.TestCases.SignUpTest"/>
</testsuite> <!-- SignUpFB -->
